<?xml version="1.0" encoding="UTF-8"?>
<!-- Generated by org.testng.reporters.JUnitReportReporter -->
<testsuite hostname="DESKTOP-4O939LH" failures="0" tests="1" name="log4j.Log4j" time="6.311" errors="0" timestamp="2020-02-07T17:54:04 PST" skipped="0">
  <testcase classname="log4j.Log4j" name="Test4j" time="6.311"/>
</testsuite> <!-- log4j.Log4j -->
