<?xml version="1.0" encoding="UTF-8"?>
<!-- Generated by org.testng.reporters.JUnitReportReporter -->
<testsuite hostname="DESKTOP-4O939LH" failures="0" tests="1" name="config.Config" time="0.021" errors="0" timestamp="2020-02-06T12:40:15 PST" skipped="0">
  <testcase classname="config.Config" name="UseFile" time="0.021"/>
</testsuite> <!-- config.Config -->
